<?xml version="1.0" encoding="UTF-8"?>
<testsuite xmlns:xsi="http://www.w3.org/2001/XMLSchema-instance" xsi:noNamespaceSchemaLocation="https://maven.apache.org/surefire/maven-surefire-plugin/xsd/surefire-test-report-3.0.xsd" version="3.0" name="com.auth.controller.AuthControllerTest" time="2.528" tests="9" errors="0" skipped="0" failures="0">
  <properties>
[...]
</properties>
  <testcase name="register_shouldReturn400_whenEmailIsInvalid" classname="com.auth.controller.AuthControllerTest" time="0.142">
    <system-out><![CDATA[16:16:38.624 [main] INFO org.springframework.test.context.support.AnnotationConfigContextLoaderUtils -- Could not detect default configuration classes for test class [com.auth.controller.AuthControllerTest]: AuthControllerTest does not declare any static, non-private, non-final, nested classes annotated with @Configuration.
16:16:38.702 [main] INFO org.springframework.boot.test.context.SpringBootTestContextBootstrapper -- Found @SpringBootConfiguration com.auth.UserAuthApplication for test class com.auth.controller.AuthControllerTest

  .   ____          _            __ _ _
 /\\ / ___'_ __ _ _(_)_ __  __ _ \ \ \ \
( ( )\___ | '_ | '_| | '_ \/ _` | \ \ \ \
 \\/  ___)| |_)| | | | | || (_| |  ) ) ) )
  '  |____| .__|_| |_|_| |_\__, | / / / /
 =========|_|==============|___/=/_/_/_/
 :: Spring Boot ::                (v3.2.5)

2026-09-17T16:16:38.898+07:00  INFO 79514 --- [user-auth] [           main] com.auth.controller.AuthControllerTest   : Starting AuthControllerTest using Java 17.0.20.1 with PID 79514 (started by a in /Users/a/Documents/code/test-taiwan-mobile)
2026-09-17T16:16:38.898+07:00  INFO 79514 --- [user-auth] [           main] com.auth.controller.AuthControllerTest   : No active profile set, falling back to 1 default profile: "default"
2026-09-17T16:16:40.441+07:00  WARN 79514 --- [user-auth] [           main] .s.s.UserDetailsServiceAutoConfiguration : 

Using generated security password: ca2434fd-25ab-497e-ba49-8315c7de4225

This generated password is for development use only. Your security configuration must be updated before running your application in production.

2026-09-17T16:16:40.626+07:00  INFO 79514 --- [user-auth] [           main] o.s.s.web.DefaultSecurityFilterChain     : Will secure any request with [org.springframework.security.web.session.DisableEncodeUrlFilter@5fd18419, org.springframework.security.web.context.request.async.WebAsyncManagerIntegrationFilter@3a88f6fb, org.springframework.security.web.context.SecurityContextHolderFilter@395a573c, org.springframework.security.web.header.HeaderWriterFilter@45b96e4c, org.springframework.web.filter.CorsFilter@7b451bf4, org.springframework.security.web.authentication.logout.LogoutFilter@d84418a, org.springframework.security.web.savedrequest.RequestCacheAwareFilter@7e3ee128, org.springframework.security.web.servletapi.SecurityContextHolderAwareRequestFilter@7d64a960, org.springframework.security.web.authentication.AnonymousAuthenticationFilter@844e66d, org.springframework.security.web.access.ExceptionTranslationFilter@22686ddb, org.springframework.security.web.access.intercept.AuthorizationFilter@74d22ddd]
2026-09-17T16:16:40.825+07:00  INFO 79514 --- [user-auth] [           main] o.s.b.t.m.w.SpringBootMockServletContext : Initializing Spring TestDispatcherServlet ''
2026-09-17T16:16:40.825+07:00  INFO 79514 --- [user-auth] [           main] o.s.t.web.servlet.TestDispatcherServlet  : Initializing Servlet ''
2026-09-17T16:16:40.826+07:00  INFO 79514 --- [user-auth] [           main] o.s.t.web.servlet.TestDispatcherServlet  : Completed initialization in 0 ms
2026-09-17T16:16:40.842+07:00  INFO 79514 --- [user-auth] [           main] com.auth.controller.AuthControllerTest   : Started AuthControllerTest in 2.071 seconds (process running for 2.75)
2026-09-17T16:16:40.843+07:00  INFO 79514 --- [user-auth] [           main] com.auth.config.OpenApiConfig            : ===========================================================
2026-09-17T16:16:40.843+07:00  INFO 79514 --- [user-auth] [           main] com.auth.config.OpenApiConfig            :   Application is running!
2026-09-17T16:16:40.843+07:00  INFO 79514 --- [user-auth] [           main] com.auth.config.OpenApiConfig            :   Swagger UI   : http://localhost:8080/swagger-ui/index.html
2026-09-17T16:16:40.844+07:00  INFO 79514 --- [user-auth] [           main] com.auth.config.OpenApiConfig            :   API Docs     : http://localhost:8080/v3/api-docs
2026-09-17T16:16:40.844+07:00  INFO 79514 --- [user-auth] [           main] com.auth.config.OpenApiConfig            : ===========================================================
]]></system-out>
  </testcase>
  <testcase name="register_shouldReturn400_whenEmailIsBlank" classname="com.auth.controller.AuthControllerTest" time="0.005"/>
  <testcase name="register_shouldReturn400_whenEmailAlreadyExists" classname="com.auth.controller.AuthControllerTest" time="0.019"/>
  <testcase name="register_shouldReturn400_whenPasswordTooShort" classname="com.auth.controller.AuthControllerTest" time="0.003"/>
  <testcase name="register_shouldReturn201_whenSuccessful" classname="com.auth.controller.AuthControllerTest" time="0.007"/>
  <testcase name="login_shouldReturn401_whenCredentialsAreInvalid" classname="com.auth.controller.AuthControllerTest" time="0.006"/>
  <testcase name="login_shouldReturn400_whenPasswordIsBlank" classname="com.auth.controller.AuthControllerTest" time="0.006"/>
  <testcase name="login_shouldReturn200_whenCredentialsAreCorrect" classname="com.auth.controller.AuthControllerTest" time="0.004"/>
  <testcase name="login_shouldReturn400_whenEmailIsInvalid" classname="com.auth.controller.AuthControllerTest" time="0.003"/>
</testsuite>